<?xml version="1.0" encoding="UTF-8"?>
<!-- Generated by org.testng.reporters.JUnitReportReporter -->
<testsuite skipped="1" hostname="SL-7648" name="com.spice.umang.RunTest" tests="1" failures="0" timestamp="14 Dec 2018 12:18:41 GMT" time="0.000" errors="0">
  <testcase name="runTesting" time="0.000" classname="com.spice.umang.RunTest">
    <skipped/>
  </testcase> <!-- runTesting -->
</testsuite> <!-- com.spice.umang.RunTest -->
