<?xml version="1.0" encoding="UTF-8"?>
<!-- Generated by org.testng.reporters.JUnitReportReporter -->
<testsuite hostname="SL-7648" name="com.spice.umang.AppConfiguration" tests="1" failures="0" timestamp="5 Dec 2018 09:40:12 GMT" time="19.050" errors="0">
  <testcase name="loginTime" time="19.050" classname="com.spice.umang.AppConfiguration"/>
</testsuite> <!-- com.spice.umang.AppConfiguration -->
